<?xml version="1.0" encoding="UTF-8"?>
<testng-results skipped="0" failed="0" total="0" passed="0">
  <reporter-output>
  </reporter-output>
  <suite name="com.ranosys.Ranosys_Selenium.AppTest" duration-ms="3" started-at="2016-09-22T04:39:44Z" finished-at="2016-09-22T04:39:44Z">
    <groups>
    </groups>
    <test name="Command line test" duration-ms="3" started-at="2016-09-22T04:39:44Z" finished-at="2016-09-22T04:39:44Z">
    </test> <!-- Command line test -->
  </suite> <!-- com.ranosys.Ranosys_Selenium.AppTest -->
</testng-results>
