<?xml version="1.0" encoding="UTF-8"?>
<!-- Generated by org.testng.reporters.JUnitXMLReporter -->
<testsuite hostname="THREE" name="Create Aap Ki App" tests="5" failures="0" timestamp="22 Sep 2016 04:56:50 GMT" time="1007.004" errors="0">
  <testcase name="executeAapKiAppRegistration" time="16.756" classname="com.ranosys.aapkiapp.AapKiAppRegistration"/>
  <testcase name="executeActivateAapKiApp" time="122.405" classname="com.ranosys.aapkiapp.ActivateAapKiApp"/>
  <testcase name="executeAapKiAppCreateApp" time="565.322" classname="com.ranosys.aapkiapp.AapKiAppCreateApp"/>
  <testcase name="executeActivateAapKiApp" time="98.287" classname="com.ranosys.aapkiapp.ActivateOperator"/>
  <testcase name="executeAapKiAppCreateApp" time="18.531" classname="com.ranosys.aapkiapp.AppKiAppOperator"/>
</testsuite> <!-- Create Aap Ki App -->
