<?xml version="1.0" encoding="UTF-8"?>
<!-- Generated by org.testng.reporters.JUnitXMLReporter -->
<testsuite hostname="THREE" name="Create Educational App" tests="3" failures="0" timestamp="20 Sep 2016 11:37:11 GMT" time="1136.26" errors="0">
  <testcase name="executeAapKiAppRegistration" time="16.666" classname="com.ranosys.aapkiapp.AapKiAppRegistration"/>
  <testcase name="executeActivateAapKiApp" time="204.538" classname="com.ranosys.aapkiapp.ActivateAapKiApp"/>
  <testcase name="executeAapKiAppCreateApp" time="759.238" classname="com.ranosys.aapkiapp.AapKiAppCreateEducationalApp"/>
</testsuite> <!-- Create Educational App -->
